<?xml version="1.0" encoding="UTF-8"?>
<!-- Generated by org.testng.reporters.JUnitReportReporter -->
<testsuite hostname="Desktop-M99Shamso" failures="0" tests="3" name="TestSuite" time="٢.٧٩٢" errors="0" timestamp="٢٠٢٤-٠٨-١٣T٢٣:١٦:٢٩ EET" skipped="0">
  <testcase classname="TestSuite" name="TC_DeleteOrder_Func_03" time="٠.٥٢٧"/>
  <testcase classname="TestSuite" name="TC_CreateProduct_Func_01" time="٠.٨٩٣"/>
  <testcase classname="TestSuite" name="TC_CreateOrder_Func_02" time="١.٣٧٢"/>
</testsuite> <!-- TestSuite -->
