<?xml version="1.0" encoding="UTF-8"?>
<!-- Generated by org.testng.reporters.JUnitReportReporter -->
<testsuite hostname="Desktop-M99Shamso" failures="0" tests="2" name="TestAuth" time="٤.٤٦٠" errors="0" timestamp="٢٠٢٤-٠٨-٠٨T١٨:١٢:٥٤ EET" skipped="0">
  <testcase classname="TestAuth" name="getToken" time="٣.٨٨٣"/>
  <testcase classname="TestAuth" name="testToken" time="٠.٥٧٧"/>
</testsuite> <!-- TestAuth -->
