<?xml version="1.0" encoding="UTF-8"?>
<!-- Generated by org.testng.reporters.JUnitReportReporter -->
<testsuite hostname="Desktop-M99Shamso" failures="0" tests="1" name="test" time="٠.٥٤٢" errors="0" timestamp="٢٠٢٤-٠٨-١٣T٠٠:٢٧:٣١ EET" skipped="0">
  <testcase classname="test" name="TestGetCourse" time="٠.٥٤٢"/>
</testsuite> <!-- test -->
