<?xml version="1.0" encoding="UTF-8"?>
<!-- Generated by org.testng.reporters.JUnitReportReporter -->
<testsuite hostname="Desktop-M99Shamso" failures="0" tests="1" name="fiel.DynamicTest" time="٤.٣٨٣" errors="0" timestamp="٢٠٢٤-٠٨-٠٦T٢٣:٠٨:٢٨ EET" skipped="0">
  <testcase classname="fiel.DynamicTest" name="addBook" time="٤.٣٨٣"/>
</testsuite> <!-- fiel.DynamicTest -->
