<?xml version="1.0" encoding="UTF-8"?>
<!-- Generated by org.testng.reporters.JUnitReportReporter -->
<testsuite hostname="Desktop-M99Shamso" failures="0" tests="1" name="file.TestPayloadFile" time="٢.٨٤٠" errors="0" timestamp="٢٠٢٤-٠٨-٠٧T٠٠:٤٣:٤٣ EET" skipped="0">
  <testcase classname="file.TestPayloadFile" name="add_Book" time="٢.٨٤٠"/>
</testsuite> <!-- file.TestPayloadFile -->
