<?xml version="1.0" encoding="UTF-8"?>
<!-- Generated by org.testng.reporters.JUnitReportReporter -->
<testsuite hostname="Desktop-M99Shamso" failures="0" tests="6" name="file.DynamicTest" time="٥.٦٦٤" errors="0" timestamp="٢٠٢٤-٠٨-٠٧T٠٠:٠٠:٥١ EET" skipped="0">
  <testcase classname="file.DynamicTest" name="deleteBook" time="٠.٤٨٥"/>
  <testcase classname="file.DynamicTest" name="deleteBook" time="٠.٤٧٧"/>
  <testcase classname="file.DynamicTest" name="addBook" time="٠.٥١٣"/>
  <testcase classname="file.DynamicTest" name="addBook" time="٣.٢٠٧"/>
  <testcase classname="file.DynamicTest" name="deleteBook" time="٠.٤٧٩"/>
  <testcase classname="file.DynamicTest" name="addBook" time="٠.٥٠٣"/>
</testsuite> <!-- file.DynamicTest -->
