<?xml version="1.0" encoding="UTF-8"?>
<!-- Generated by org.testng.reporters.JUnitReportReporter -->
<testsuite hostname="Desktop-M99Shamso" failures="0" tests="1" name="specBuilder" time="٥.٦٩٢" errors="0" timestamp="٢٠٢٤-٠٨-١٣T٠١:٢٧:٠٤ EET" skipped="0">
  <testcase classname="specBuilder" name="TC_API_05" time="٥.٦٩٢"/>
</testsuite> <!-- specBuilder -->
