<?xml version="1.0" encoding="UTF-8"?>
<!-- Generated by org.testng.reporters.JUnitReportReporter -->
<testsuite hostname="Desktop-M99Shamso" failures="0" tests="2" name="TestApi" time="٤.٠١٧" errors="0" timestamp="٢٠٢٤-٠٨-١٣T٢٠:١٣:٥٧ EET" skipped="0">
  <testcase classname="TestApi" name="TC_API_02" time="٠.٥٥٥"/>
  <testcase classname="TestApi" name="TC_API_00" time="٣.٤٦٢"/>
</testsuite> <!-- TestApi -->
