<?xml version="1.0" encoding="UTF-8"?>
<!-- Generated by org.testng.reporters.JUnitReportReporter -->
<testsuite hostname="Desktop-M99Shamso" failures="0" tests="1" name="VerifiyTotalPurchase" time="١.٣٨٧" errors="0" timestamp="٢٠٢٤-٠٨-٠٧T١٤:٠٧:٠٩ EET" skipped="0">
  <testcase classname="VerifiyTotalPurchase" name="ValidateSumPurches" time="١.٣٨٧"/>
</testsuite> <!-- VerifiyTotalPurchase -->
